<?xml version="1.0" encoding="UTF-8"?>
<!-- Generated by org.testng.reporters.JUnitReportReporter -->
<testsuite hostname="sasi-sparkout" failures="0" tests="2" name="Test.base" time="4.844" errors="0" timestamp="2024-09-05T12:00:08 IST" skipped="0">
  <testcase classname="Test.base" name="test_2" time="1.319"/>
  <testcase classname="Test.base" name="test_1" time="3.525"/>
</testsuite> <!-- Test.base -->
